2019-05-04 11:46 - ----------------------------Restarting the Programm-----------------------------
2019-05-04 11:46 - Standard | Bahama Mama
2019-05-04 11:47 - 300 ml   | Bahama Mama - Rezept wurde bei 2.4 s abgebrochen - 253 ml
2019-05-04 11:47 - Standard | Atlantic Cocktail
2019-05-04 11:53 - ----------------------------Restarting the Programm-----------------------------
2019-05-04 14:06 - ----------------------------Restarting the Programm-----------------------------
2019-05-04 14:46 - ----------------------------Restarting the Programm-----------------------------
2019-05-04 14:51 - ----------------------------Restarting the Programm-----------------------------
2019-05-04 15:01 - ----------------------------Restarting the Programm-----------------------------
2019-05-04 15:03 - ----------------------------Restarting the Programm-----------------------------
2019-05-04 15:04 - ----------------------------Restarting the Programm-----------------------------
2019-05-04 15:05 - ----------------------------Restarting the Programm-----------------------------
2019-05-04 15:06 - ----------------------------Restarting the Programm-----------------------------
2019-05-04 15:07 - ----------------------------Restarting the Programm-----------------------------
2019-05-04 15:14 - ----------------------------Restarting the Programm-----------------------------
2019-05-04 15:14 - ----------------------------Restarting the Programm-----------------------------
2019-05-04 15:16 - ----------------------------Restarting the Programm-----------------------------
2019-05-04 15:16 - ----------------------------Restarting the Programm-----------------------------
2019-05-04 15:41 - ----------------------------Restarting the Programm-----------------------------
2019-05-04 15:42 - ----------------------------Restarting the Programm-----------------------------
2019-05-04 15:48 - ----------------------------Restarting the Programm-----------------------------
2019-05-04 16:18 - ----------------------------Restarting the Programm-----------------------------
2019-05-04 16:19 - ----------------------------Restarting the Programm-----------------------------
2019-05-04 16:19 - Standard | Atlantic Cocktail
2019-05-04 16:27 - ----------------------------Restarting the Programm-----------------------------
2019-05-04 16:27 - ----------------------------Restarting the Programm-----------------------------
2019-05-04 17:23 - ----------------------------Restarting the Programm-----------------------------
2019-05-04 17:23 - ----------------------------Restarting the Programm-----------------------------
2019-05-04 17:23 - Standard | Bahama Mama
2019-05-04 17:25 - ----------------------------Restarting the Programm-----------------------------
2019-05-04 17:27 - ----------------------------Restarting the Programm-----------------------------
2019-05-05 14:24 - ----------------------------Restarting the Programm-----------------------------
2019-05-05 14:24 - Standard | Pina Colada - Rezept wurde bei 1.7 s abgebrochen - 75 ml
2019-05-05 14:28 - ----------------------------Restarting the Programm-----------------------------
2019-05-05 14:30 - ----------------------------Restarting the Programm-----------------------------
2019-05-05 14:39 - ----------------------------Restarting the Programm-----------------------------
2019-05-05 14:40 - ----------------------------Restarting the Programm-----------------------------
2019-05-05 14:41 - ----------------------------Restarting the Programm-----------------------------
2019-05-05 14:41 - ----------------------------Restarting the Programm-----------------------------
2019-05-05 15:02 - ----------------------------Restarting the Programm-----------------------------
2019-05-05 15:08 - ----------------------------Restarting the Programm-----------------------------
2019-05-05 15:10 - ----------------------------Restarting the Programm-----------------------------
2019-05-05 15:11 - ----------------------------Restarting the Programm-----------------------------
2019-05-05 15:12 - ----------------------------Restarting the Programm-----------------------------
2019-05-05 15:16 - ----------------------------Restarting the Programm-----------------------------
2019-05-05 15:17 - ----------------------------Restarting the Programm-----------------------------
2019-05-05 15:19 - ----------------------------Restarting the Programm-----------------------------
2019-05-06 20:16 - ----------------------------Restarting the Programm-----------------------------
2019-05-06 20:17 - ----------------------------Restarting the Programm-----------------------------
2019-05-06 20:39 - ----------------------------Restarting the Programm-----------------------------
2019-05-06 20:41 - ----------------------------Restarting the Programm-----------------------------
2019-05-06 20:47 - ----------------------------Restarting the Programm-----------------------------
2019-05-06 20:50 - ----------------------------Restarting the Programm-----------------------------
2019-05-06 20:51 - ----------------------------Restarting the Programm-----------------------------
2019-05-06 20:56 - ----------------------------Restarting the Programm-----------------------------
2019-05-06 20:58 - ----------------------------Restarting the Programm-----------------------------
2019-05-06 20:59 - ----------------------------Restarting the Programm-----------------------------
2019-05-06 21:07 - ----------------------------Restarting the Programm-----------------------------
2019-05-06 21:11 - ----------------------------Restarting the Programm-----------------------------
2019-05-06 21:13 - ----------------------------Restarting the Programm-----------------------------
2019-05-06 21:17 - ----------------------------Restarting the Programm-----------------------------
2019-05-06 21:30 - ----------------------------Restarting the Programm-----------------------------
2019-05-06 21:35 - ----------------------------Restarting the Programm-----------------------------
2019-05-06 21:38 - ----------------------------Restarting the Programm-----------------------------
2019-05-06 21:40 - ----------------------------Restarting the Programm-----------------------------
2019-05-06 21:41 - ----------------------------Restarting the Programm-----------------------------
2019-05-06 21:46 - ----------------------------Restarting the Programm-----------------------------
2019-05-06 21:48 - ----------------------------Restarting the Programm-----------------------------
2019-05-06 21:50 - ----------------------------Restarting the Programm-----------------------------
2019-05-06 21:53 - ----------------------------Restarting the Programm-----------------------------
2019-05-06 21:53 - ----------------------------Restarting the Programm-----------------------------
2019-05-06 21:59 - ----------------------------Restarting the Programm-----------------------------
